2025-02-11 12:15:00 | DEBUG | repo=system-int | action=commit
2025-08-08 16:45:00 | INFO | repo=system-int | action=edit | files=5
2025-06-22 20:28:00 | INFO | repo=system-int | action=commit
2025-01-19 11:22:00 | DEBUG | repo=system-int | action=pull
2025-07-02 07:04:00 | WARN | repo=system-int | action=pull
2025-11-15 10:54:00 | DEBUG | repo=system-int | action=commit
2025-09-04 12:12:00 | INFO | repo=system-int | action=commit
2025-08-05 07:14:00 | DEBUG | repo=system-int | action=commit
2025-10-04 12:22:00 | INFO | repo=system-int | action=commit
2025-01-22 11:42:00 | INFO | repo=system-int | action=commit
2025-05-01 08:58:00 | DEBUG | repo=system-int | action=commit
2025-11-01 07:38:00 | WARN | repo=system-int | action=test | passed=true
2025-02-20 07:38:00 | DEBUG | repo=system-int | action=commit
2025-11-18 16:45:00 | WARN | repo=system-int | action=commit
2025-07-25 14:49:00 | INFO | repo=system-int | action=edit | files=2
2025-05-10 11:43:00 | WARN | repo=system-int | action=commit
2025-03-05 20:37:00 | DEBUG | repo=system-int | action=commit
2025-02-12 07:50:00 | DEBUG | repo=system-int | action=commit
2025-07-26 15:29:00 | WARN | repo=system-int | action=commit
2025-04-18 08:36:00 | WARN | repo=system-int | action=commit
2025-04-14 19:25:00 | DEBUG | repo=system-int | action=commit
2025-08-14 21:57:00 | INFO | repo=system-int | action=edit | files=1
2025-11-27 10:21:00 | INFO | repo=system-int | action=edit | files=1
2025-04-12 17:52:00 | DEBUG | repo=system-int | action=commit
2025-06-05 17:25:00 | WARN | repo=system-int | action=commit
2025-01-24 21:46:00 | WARN | repo=system-int | action=commit
2025-09-26 17:19:00 | INFO | repo=system-int | action=commit
2025-11-14 07:20:00 | WARN | repo=system-int | action=commit
2025-09-21 19:20:00 | WARN | repo=system-int | action=test | passed=true
2025-06-01 14:31:00 | WARN | repo=system-int | action=commit
